<?xml version="1.0" encoding="UTF-8"?>
<!-- Generated by org.testng.reporters.JUnitXMLReporter -->
<testsuite hostname="JLT01933L" ignored="0" name="Test" tests="4" failures="0" timestamp="10 Dec 2018 17:29:54 GMT" time="1.112" errors="0">
  <testcase name="NormalEstabEntryPermitTourism" time="0.006" classname="com.test.excelDataProvider"/>
  <testcase name="NormalEstabEntryPermitTourism" time="0.002" classname="com.test.excelDataProvider"/>
  <testcase name="NormalEstabEntryPermitTourism" time="0.002" classname="com.test.excelDataProvider"/>
  <testcase name="NormalEstabEntryPermitTourism" time="0.001" classname="com.test.excelDataProvider"/>
</testsuite> <!-- Test -->
