<?xml version="1.0" encoding="UTF-8"?>
<!-- Generated by org.testng.reporters.JUnitXMLReporter -->
<testsuite hostname="JLT01933L" ignored="0" name="Default test" tests="4" failures="0" timestamp="12 Jan 2019 09:32:13 GMT" time="1.26" errors="0">
  <testcase name="NormalEstabEntryPermitTourism1" time="0.005" classname="com.test.excelDataProvider"/>
  <testcase name="NormalEstabEntryPermitTourism1" time="0.005" classname="com.test.excelDataProvider"/>
  <testcase name="NormalEstabEntryPermitTourism1" time="0.002" classname="com.test.excelDataProvider"/>
  <testcase name="NormalEstabEntryPermitTourism1" time="0.002" classname="com.test.excelDataProvider"/>
</testsuite> <!-- Default test -->
