<?xml version="1.0" encoding="UTF-8"?>
<!-- Generated by org.testng.reporters.JUnitXMLReporter -->
<testsuite hostname="JLT01933L" ignored="0" name="Default test" tests="4" failures="0" timestamp="04 Dec 2018 13:44:03 GMT" time="1.211" errors="0">
  <testcase name="NormalEstabEntryPermitTourism" time="0.007" classname="com.test.excelDataProvider"/>
  <testcase name="NormalEstabEntryPermitTourism" time="0.003" classname="com.test.excelDataProvider"/>
  <testcase name="NormalEstabEntryPermitTourism" time="0.001" classname="com.test.excelDataProvider"/>
  <testcase name="NormalEstabEntryPermitTourism" time="0.001" classname="com.test.excelDataProvider"/>
</testsuite> <!-- Default test -->
