<?xml version="1.0" encoding="UTF-8"?>
<testng-results skipped="0" failed="2" ignored="0" total="2" passed="0">
  <reporter-output>
  </reporter-output>
  <suite name="Vision" duration-ms="12501" started-at="2019-04-04T22:35:16Z" finished-at="2019-04-04T22:35:29Z">
    <groups>
    </groups>
    <test name="Vision" duration-ms="12501" started-at="2019-04-04T22:35:16Z" finished-at="2019-04-04T22:35:29Z">
      <class name="com.fori.qa.tests.AdminLoginPageTest">
        <test-method status="PASS" signature="setUp()[pri:0, instance:com.fori.qa.tests.AdminLoginPageTest@5702b3b1]" name="setUp" is-config="true" duration-ms="7" started-at="2019-04-04T22:35:16Z" finished-at="2019-04-04T22:35:16Z">
          <reporter-output>
          </reporter-output>
        </test-method> <!-- setUp -->
        <test-method status="PASS" signature="setUp()[pri:0, instance:com.fori.qa.tests.AdminLoginPageTest@5702b3b1]" name="setUp" is-config="true" duration-ms="7" started-at="2019-04-04T22:35:16Z" finished-at="2019-04-04T22:35:16Z">
          <reporter-output>
          </reporter-output>
        </test-method> <!-- setUp -->
        <test-method status="FAIL" signature="LogoImageTest()[pri:0, instance:com.fori.qa.tests.AdminLoginPageTest@5702b3b1]" name="LogoImageTest" duration-ms="12456" started-at="2019-04-04T22:35:16Z" finished-at="2019-04-04T22:35:29Z">
          <exception class="java.lang.NullPointerException">
            <full-stacktrace>
              <![CDATA[java.lang.NullPointerException
at com.fori.qa.pages.AdminLoginPage.validateLoginPageTitle(AdminLoginPage.java:49)
at com.fori.qa.tests.AdminLoginPageTest.LogoImageTest(AdminLoginPageTest.java:55)
at sun.reflect.NativeMethodAccessorImpl.invoke0(Native Method)
at sun.reflect.NativeMethodAccessorImpl.invoke(NativeMethodAccessorImpl.java:62)
at sun.reflect.DelegatingMethodAccessorImpl.invoke(DelegatingMethodAccessorImpl.java:43)
at java.lang.reflect.Method.invoke(Method.java:498)
at org.testng.internal.MethodInvocationHelper.invokeMethod(MethodInvocationHelper.java:124)
at org.testng.internal.Invoker.invokeMethod(Invoker.java:583)
at org.testng.internal.Invoker.invokeTestMethod(Invoker.java:719)
at org.testng.internal.Invoker.invokeTestMethods(Invoker.java:989)
at org.testng.internal.TestMethodWorker.invokeTestMethods(TestMethodWorker.java:125)
at org.testng.internal.TestMethodWorker.run(TestMethodWorker.java:109)
at java.util.concurrent.ThreadPoolExecutor.runWorker(ThreadPoolExecutor.java:1149)
at java.util.concurrent.ThreadPoolExecutor$Worker.run(ThreadPoolExecutor.java:624)
at java.lang.Thread.run(Thread.java:748)
]]>
            </full-stacktrace>
          </exception> <!-- java.lang.NullPointerException -->
          <reporter-output>
          </reporter-output>
        </test-method> <!-- LogoImageTest -->
        <test-method status="FAIL" signature="loginTest()[pri:0, instance:com.fori.qa.tests.AdminLoginPageTest@5702b3b1]" name="loginTest" duration-ms="11535" started-at="2019-04-04T22:35:16Z" finished-at="2019-04-04T22:35:28Z">
          <exception class="java.lang.NullPointerException">
            <full-stacktrace>
              <![CDATA[java.lang.NullPointerException
at com.fori.qa.pages.AdminLoginPage.validateLoginPageTitle(AdminLoginPage.java:49)
at com.fori.qa.tests.AdminLoginPageTest.loginTest(AdminLoginPageTest.java:33)
at sun.reflect.NativeMethodAccessorImpl.invoke0(Native Method)
at sun.reflect.NativeMethodAccessorImpl.invoke(NativeMethodAccessorImpl.java:62)
at sun.reflect.DelegatingMethodAccessorImpl.invoke(DelegatingMethodAccessorImpl.java:43)
at java.lang.reflect.Method.invoke(Method.java:498)
at org.testng.internal.MethodInvocationHelper.invokeMethod(MethodInvocationHelper.java:124)
at org.testng.internal.Invoker.invokeMethod(Invoker.java:583)
at org.testng.internal.Invoker.invokeTestMethod(Invoker.java:719)
at org.testng.internal.Invoker.invokeTestMethods(Invoker.java:989)
at org.testng.internal.TestMethodWorker.invokeTestMethods(TestMethodWorker.java:125)
at org.testng.internal.TestMethodWorker.run(TestMethodWorker.java:109)
at java.util.concurrent.ThreadPoolExecutor.runWorker(ThreadPoolExecutor.java:1149)
at java.util.concurrent.ThreadPoolExecutor$Worker.run(ThreadPoolExecutor.java:624)
at java.lang.Thread.run(Thread.java:748)
]]>
            </full-stacktrace>
          </exception> <!-- java.lang.NullPointerException -->
          <reporter-output>
          </reporter-output>
        </test-method> <!-- loginTest -->
        <test-method status="PASS" signature="tearDown()[pri:0, instance:com.fori.qa.tests.AdminLoginPageTest@5702b3b1]" name="tearDown" is-config="true" duration-ms="0" started-at="2019-04-04T22:35:28Z" finished-at="2019-04-04T22:35:28Z">
          <reporter-output>
          </reporter-output>
        </test-method> <!-- tearDown -->
        <test-method status="PASS" signature="tearDown()[pri:0, instance:com.fori.qa.tests.AdminLoginPageTest@5702b3b1]" name="tearDown" is-config="true" duration-ms="0" started-at="2019-04-04T22:35:29Z" finished-at="2019-04-04T22:35:29Z">
          <reporter-output>
          </reporter-output>
        </test-method> <!-- tearDown -->
      </class> <!-- com.fori.qa.tests.AdminLoginPageTest -->
    </test> <!-- Vision -->
  </suite> <!-- Vision -->
</testng-results>
