<?xml version="1.0" encoding="UTF-8"?>
<!-- Generated by org.testng.reporters.JUnitXMLReporter -->
<testsuite hostname="JLT01933L" ignored="0" name="ForiOrder App Test Cases" tests="1" failures="1" timestamp="02 Dec 2018 10:31:24 GMT" time="9.941" errors="0">
  <testcase name="loginTest" time="1.076" classname="com.crm.qa.testcases.LoginPageTest">
    <failure type="java.lang.AssertionError" message="expected [true] but found [false]">
      <![CDATA[java.lang.AssertionError: expected [true] but found [false]
at com.crm.qa.testcases.LoginPageTest.loginTest(LoginPageTest.java:38)
... Removed 31 stack frames]]>
    </failure>
  </testcase> <!-- loginTest -->
</testsuite> <!-- ForiOrder App Test Cases -->
